<?xml version="1.0" encoding="UTF-8"?>
<!-- Generated by org.testng.reporters.JUnitXMLReporter -->
<testsuite ignored="0" hostname="DESKTOP-KQ451IS" failures="0" tests="4" name="Test" time="20.46" errors="0" timestamp="2022-08-03T09:08:18 ICT">
  <testcase classname="com.group2.other.DangNhapTest" name="testDangNhap" time="5.353"/>
  <testcase classname="com.group2.other.DangNhapTest" name="testDangNhap1" time="1.895"/>
  <testcase classname="com.group2.other.DangNhapTest" name="testDangNhap2" time="6.822"/>
  <testcase classname="com.group2.other.DangNhapTest" name="testDangNhap3" time="5.38"/>
</testsuite> <!-- Test -->
