<?xml version="1.0" encoding="UTF-8"?>
<!-- Generated by org.testng.reporters.JUnitXMLReporter -->
<testsuite ignored="0" hostname="DESKTOP-KQ451IS" failures="5" tests="5" name="Test" time="3.616" errors="0" timestamp="2022-08-15T21:23:25 ICT">
  <testcase classname="com.poly.test.DoiMatKhauJDailogTest" name="testDoiMatKhau" time="0.86">
    <failure type="java.lang.AssertionError" message="null">
      <![CDATA[java.lang.AssertionError: null
at com.poly.test.DoiMatKhauJDailogTest.testDoiMatKhau(DoiMatKhauJDailogTest.java:84)
at java.base/java.util.ArrayList.forEach(ArrayList.java:1511)
... Removed 29 stack frames]]>
    </failure>
  </testcase> <!-- testDoiMatKhau -->
  <testcase classname="com.poly.test.DoiMatKhauJDailogTest" name="testDoiMatKhau" time="0.097">
    <failure type="java.lang.AssertionError" message="null">
      <![CDATA[java.lang.AssertionError: null
at com.poly.test.DoiMatKhauJDailogTest.testDoiMatKhau(DoiMatKhauJDailogTest.java:84)
at java.base/java.util.ArrayList.forEach(ArrayList.java:1511)
... Removed 29 stack frames]]>
    </failure>
  </testcase> <!-- testDoiMatKhau -->
  <testcase classname="com.poly.test.DoiMatKhauJDailogTest" name="testDoiMatKhau" time="0.06">
    <failure type="java.lang.AssertionError" message="null">
      <![CDATA[java.lang.AssertionError: null
at com.poly.test.DoiMatKhauJDailogTest.testDoiMatKhau(DoiMatKhauJDailogTest.java:84)
at java.base/java.util.ArrayList.forEach(ArrayList.java:1511)
... Removed 29 stack frames]]>
    </failure>
  </testcase> <!-- testDoiMatKhau -->
  <testcase classname="com.poly.test.DoiMatKhauJDailogTest" name="testDoiMatKhau" time="0.175">
    <failure type="java.lang.AssertionError" message="null">
      <![CDATA[java.lang.AssertionError: null
at com.poly.test.DoiMatKhauJDailogTest.testDoiMatKhau(DoiMatKhauJDailogTest.java:84)
at java.base/java.util.ArrayList.forEach(ArrayList.java:1511)
... Removed 29 stack frames]]>
    </failure>
  </testcase> <!-- testDoiMatKhau -->
  <testcase classname="com.poly.test.DoiMatKhauJDailogTest" name="testDoiMatKhau" time="0.041">
    <failure type="java.lang.AssertionError" message="null">
      <![CDATA[java.lang.AssertionError: null
at com.poly.test.DoiMatKhauJDailogTest.testDoiMatKhau(DoiMatKhauJDailogTest.java:84)
at java.base/java.util.ArrayList.forEach(ArrayList.java:1511)
... Removed 29 stack frames]]>
    </failure>
  </testcase> <!-- testDoiMatKhau -->
</testsuite> <!-- Test -->
