<?xml version="1.0" encoding="UTF-8"?>
<testng-results ignored="0" total="5" passed="4" failed="1" skipped="0">
  <reporter-output>
  </reporter-output>
  <suite started-at="2022-08-15T21:33:09 ICT" name="Default suite" finished-at="2022-08-15T21:33:12 ICT" duration-ms="3377">
    <groups>
    </groups>
    <test started-at="2022-08-15T21:33:09 ICT" name="Default test" finished-at="2022-08-15T21:33:12 ICT" duration-ms="3377">
      <class name="com.poly.test.DoiMatKhauJDailogTest">
        <test-method is-config="true" signature="all()[pri:0, instance:com.poly.test.DoiMatKhauJDailogTest@481a996b]" started-at="2022-08-15T21:33:09 ICT" name="all" finished-at="2022-08-15T21:33:10 ICT" duration-ms="866" status="PASS">
          <reporter-output>
          </reporter-output>
        </test-method> <!-- all -->
        <test-method signature="testDoiMatKhau(java.lang.String,java.lang.String,java.lang.String,boolean,java.lang.String,java.lang.String)[pri:0, instance:com.poly.test.DoiMatKhauJDailogTest@481a996b]" started-at="2022-08-15T21:33:10 ICT" name="testDoiMatKhau" data-provider="testcase" finished-at="2022-08-15T21:33:10 ICT" duration-ms="609" status="PASS">
          <params>
            <param index="0">
              <value>
                <![CDATA[111111]]>
              </value>
            </param>
            <param index="1">
              <value>
                <![CDATA[123456a]]>
              </value>
            </param>
            <param index="2">
              <value>
                <![CDATA[123456a]]>
              </value>
            </param>
            <param index="3">
              <value>
                <![CDATA[false]]>
              </value>
            </param>
            <param index="4">
              <value>
                <![CDATA[NV01]]>
              </value>
            </param>
            <param index="5">
              <value>
                <![CDATA[123456]]>
              </value>
            </param>
          </params>
          <reporter-output>
          </reporter-output>
        </test-method> <!-- testDoiMatKhau -->
        <test-method signature="testDoiMatKhau(java.lang.String,java.lang.String,java.lang.String,boolean,java.lang.String,java.lang.String)[pri:0, instance:com.poly.test.DoiMatKhauJDailogTest@481a996b]" started-at="2022-08-15T21:33:10 ICT" name="testDoiMatKhau" data-provider="testcase" finished-at="2022-08-15T21:33:11 ICT" duration-ms="104" status="PASS">
          <params>
            <param index="0">
              <value>
                <![CDATA[123456]]>
              </value>
            </param>
            <param index="1">
              <value>
                <![CDATA[1234567]]>
              </value>
            </param>
            <param index="2">
              <value>
                <![CDATA[123456a]]>
              </value>
            </param>
            <param index="3">
              <value>
                <![CDATA[false]]>
              </value>
            </param>
            <param index="4">
              <value>
                <![CDATA[NV01]]>
              </value>
            </param>
            <param index="5">
              <value>
                <![CDATA[123456]]>
              </value>
            </param>
          </params>
          <reporter-output>
          </reporter-output>
        </test-method> <!-- testDoiMatKhau -->
        <test-method signature="testDoiMatKhau(java.lang.String,java.lang.String,java.lang.String,boolean,java.lang.String,java.lang.String)[pri:0, instance:com.poly.test.DoiMatKhauJDailogTest@481a996b]" started-at="2022-08-15T21:33:11 ICT" name="testDoiMatKhau" data-provider="testcase" finished-at="2022-08-15T21:33:11 ICT" duration-ms="64" status="PASS">
          <params>
            <param index="0">
              <value>
                <![CDATA[123456]]>
              </value>
            </param>
            <param index="1">
              <value>
                <![CDATA[123]]>
              </value>
            </param>
            <param index="2">
              <value>
                <![CDATA[123]]>
              </value>
            </param>
            <param index="3">
              <value>
                <![CDATA[false]]>
              </value>
            </param>
            <param index="4">
              <value>
                <![CDATA[NV01]]>
              </value>
            </param>
            <param index="5">
              <value>
                <![CDATA[123456]]>
              </value>
            </param>
          </params>
          <reporter-output>
          </reporter-output>
        </test-method> <!-- testDoiMatKhau -->
        <test-method signature="testDoiMatKhau(java.lang.String,java.lang.String,java.lang.String,boolean,java.lang.String,java.lang.String)[pri:0, instance:com.poly.test.DoiMatKhauJDailogTest@481a996b]" started-at="2022-08-15T21:33:11 ICT" name="testDoiMatKhau" data-provider="testcase" finished-at="2022-08-15T21:33:11 ICT" duration-ms="121" status="FAIL">
          <params>
            <param index="0">
              <value>
                <![CDATA[123456]]>
              </value>
            </param>
            <param index="1">
              <value>
                <![CDATA[0123456789zxcvf]]>
              </value>
            </param>
            <param index="2">
              <value>
                <![CDATA[0123456789zxcvf]]>
              </value>
            </param>
            <param index="3">
              <value>
                <![CDATA[false]]>
              </value>
            </param>
            <param index="4">
              <value>
                <![CDATA[NV04]]>
              </value>
            </param>
            <param index="5">
              <value>
                <![CDATA[123456]]>
              </value>
            </param>
          </params>
          <exception class="java.lang.AssertionError">
            <message>
              <![CDATA[null]]>
            </message>
            <full-stacktrace>
              <![CDATA[java.lang.AssertionError: null
at org.testng.Assert.fail(Assert.java:99)
at org.testng.Assert.fail(Assert.java:106)
at com.poly.test.DoiMatKhauJDailogTest.testDoiMatKhau(DoiMatKhauJDailogTest.java:76)
at java.base/jdk.internal.reflect.NativeMethodAccessorImpl.invoke0(Native Method)
at java.base/jdk.internal.reflect.NativeMethodAccessorImpl.invoke(NativeMethodAccessorImpl.java:78)
at java.base/jdk.internal.reflect.DelegatingMethodAccessorImpl.invoke(DelegatingMethodAccessorImpl.java:43)
at java.base/java.lang.reflect.Method.invoke(Method.java:567)
at org.testng.internal.MethodInvocationHelper.invokeMethod(MethodInvocationHelper.java:133)
at org.testng.internal.TestInvoker.invokeMethod(TestInvoker.java:598)
at org.testng.internal.TestInvoker.invokeTestMethod(TestInvoker.java:173)
at org.testng.internal.MethodRunner.runInSequence(MethodRunner.java:46)
at org.testng.internal.TestInvoker$MethodInvocationAgent.invoke(TestInvoker.java:824)
at org.testng.internal.TestInvoker.invokeTestMethods(TestInvoker.java:146)
at org.testng.internal.TestMethodWorker.invokeTestMethods(TestMethodWorker.java:146)
at org.testng.internal.TestMethodWorker.run(TestMethodWorker.java:128)
at java.base/java.util.ArrayList.forEach(ArrayList.java:1511)
at org.testng.TestRunner.privateRun(TestRunner.java:794)
at org.testng.TestRunner.run(TestRunner.java:596)
at org.testng.SuiteRunner.runTest(SuiteRunner.java:377)
at org.testng.SuiteRunner.runSequentially(SuiteRunner.java:371)
at org.testng.SuiteRunner.privateRun(SuiteRunner.java:332)
at org.testng.SuiteRunner.run(SuiteRunner.java:276)
at org.testng.SuiteRunnerWorker.runSuite(SuiteRunnerWorker.java:53)
at org.testng.SuiteRunnerWorker.run(SuiteRunnerWorker.java:96)
at org.testng.TestNG.runSuitesSequentially(TestNG.java:1212)
at org.testng.TestNG.runSuitesLocally(TestNG.java:1134)
at org.testng.TestNG.runSuites(TestNG.java:1063)
at org.testng.TestNG.run(TestNG.java:1031)
at org.testng.remote.AbstractRemoteTestNG.run(AbstractRemoteTestNG.java:115)
at org.testng.remote.RemoteTestNG.initAndRun(RemoteTestNG.java:251)
at org.testng.remote.RemoteTestNG.main(RemoteTestNG.java:77)
]]>
            </full-stacktrace>
          </exception> <!-- java.lang.AssertionError -->
          <reporter-output>
          </reporter-output>
        </test-method> <!-- testDoiMatKhau -->
        <test-method signature="testDoiMatKhau(java.lang.String,java.lang.String,java.lang.String,boolean,java.lang.String,java.lang.String)[pri:0, instance:com.poly.test.DoiMatKhauJDailogTest@481a996b]" started-at="2022-08-15T21:33:11 ICT" name="testDoiMatKhau" data-provider="testcase" finished-at="2022-08-15T21:33:11 ICT" duration-ms="100" status="PASS">
          <params>
            <param index="0">
              <value>
                <![CDATA[123456]]>
              </value>
            </param>
            <param index="1">
              <value>
                <![CDATA[123456a]]>
              </value>
            </param>
            <param index="2">
              <value>
                <![CDATA[123456a]]>
              </value>
            </param>
            <param index="3">
              <value>
                <![CDATA[true]]>
              </value>
            </param>
            <param index="4">
              <value>
                <![CDATA[NV04]]>
              </value>
            </param>
            <param index="5">
              <value>
                <![CDATA[123456]]>
              </value>
            </param>
          </params>
          <reporter-output>
          </reporter-output>
        </test-method> <!-- testDoiMatKhau -->
        <test-method is-config="true" signature="save()[pri:0, instance:com.poly.test.DoiMatKhauJDailogTest@481a996b]" started-at="2022-08-15T21:33:11 ICT" name="save" finished-at="2022-08-15T21:33:12 ICT" duration-ms="1426" status="PASS">
          <reporter-output>
          </reporter-output>
        </test-method> <!-- save -->
        <test-method is-config="true" signature="clear()[pri:0, instance:com.poly.test.DoiMatKhauJDailogTest@481a996b]" started-at="2022-08-15T21:33:12 ICT" name="clear" finished-at="2022-08-15T21:33:12 ICT" duration-ms="0" status="PASS">
          <reporter-output>
          </reporter-output>
        </test-method> <!-- clear -->
      </class> <!-- com.poly.test.DoiMatKhauJDailogTest -->
    </test> <!-- Default test -->
  </suite> <!-- Default suite -->
</testng-results>
